2021-08-10T15:51:59 INFO    Added: OK -> http://b-lx0147.sbb.spk-berlin.de:8088/rest/ajax-rmrb
2021-08-10T15:52:12 INFO    Added: OK -> http://b-lx0147.sbb.spk-berlin.de:8088/rest/ajax-loc-gaz
2021-08-10T15:52:12 INFO    Added: OK -> http://b-lx0147.sbb.spk-berlin.de:8088/rest/ajax-loc-gaz
2021-08-10T16:32:13 INFO    Added: OK -> http://b-lx0147.sbb.spk-berlin.de:8088/rest/ajax-fo-china-japan
2021-08-10T16:32:13 INFO    Added: OK -> http://b-lx0147.sbb.spk-berlin.de:8088/rest/ajax-fo-china-japan
2021-08-10T16:32:13 INFO    Added: OK -> http://b-lx0147.sbb.spk-berlin.de:8088/rest/ajax-fo-china-japan
2021-08-10T18:13:12 INFO    Added: OK -> http://b-lx0147.sbb.spk-berlin.de:8088/rest/4b45c340-32de-4c8e-94aa-d1ace6c1891d
2021-08-10T18:17:38 INFO    Added: OK -> http://b-lx0147.sbb.spk-berlin.de:8088/rest/5ec943ac-cf64-4c30-ab82-8ab6b6ee17b8
2021-08-10T20:58:07 INFO    Added: OK -> http://b-lx0147.sbb.spk-berlin.de:8088/rest/45856b50-f845-43be-b57a-9620f8cdf616
2021-08-10T20:59:44 INFO    Added: OK -> http://b-lx0147.sbb.spk-berlin.de:8088/rest/ajax-loc-gaz
2021-08-10T20:59:44 INFO    Added: OK -> http://b-lx0147.sbb.spk-berlin.de:8088/rest/ajax-loc-gaz
2021-08-10T21:02:34 INFO    Added: OK -> http://b-lx0147.sbb.spk-berlin.de:8088/rest/ajax-loc-gaz
2021-08-10T21:02:34 INFO    Added: OK -> http://b-lx0147.sbb.spk-berlin.de:8088/rest/ajax-loc-gaz
2021-08-10T21:02:34 INFO    Added: OK -> http://b-lx0147.sbb.spk-berlin.de:8088/rest/ajax-loc-gaz
2021-08-10T21:04:43 INFO    Added: OK -> http://b-lx0147.sbb.spk-berlin.de:8088/rest/ajax-loc-gaz
2021-08-10T21:04:43 INFO    Added: OK -> http://b-lx0147.sbb.spk-berlin.de:8088/rest/ajax-loc-gaz
2021-08-10T21:04:43 INFO    Added: OK -> http://b-lx0147.sbb.spk-berlin.de:8088/rest/ajax-loc-gaz
2021-08-10T21:04:43 INFO    Added: OK -> http://b-lx0147.sbb.spk-berlin.de:8088/rest/ajax-loc-gaz
2021-08-10T21:06:31 INFO    Added: OK -> http://b-lx0147.sbb.spk-berlin.de:8088/rest/ajax-loc-gaz
2021-08-10T22:16:16 INFO    Added: OK -> http://b-lx0147.sbb.spk-berlin.de:8088/rest/ajax-loc-gaz
2021-08-11T11:48:16 INFO    Added: OK -> http://b-lx0147.sbb.spk-berlin.de:8088/rest/ajax-loc-gaz2021-08-16T13:00:31 INFO    Error during index: ERROR in indexing(null)-> null
2021-08-16T13:05:54 INFO    Error during index: ERROR in indexing(null)-> null
2021-08-16T13:05:54 INFO    Error during index: ERROR in indexing(null)-> null
2021-08-16T13:07:18 INFO    Added: OK -> http://b-lx0147.sbb.spk-berlin.de:8888/fcrepo/rest/ajax-loc-gaz
2021-08-16T21:13:04 INFO    Added: OK -> http://b-lx0147.sbb.spk-berlin.de:8888/fcrepo/rest/9c1c9721-e5d9-44f6-a2a8-2bc94a0b92e7
2021-08-17T11:20:36 INFO    Added: OK -> http://b-lx0147.sbb.spk-berlin.de:8888/fcrepo/rest/ajax-rmrb
2021-08-17T16:15:42 INFO    Added: OK -> http://b-lx0147.sbb.spk-berlin.de:8888/fcrepo/rest/11972e0b-a2b6-488b-b804-eb4b47ac9d8c
2021-08-17T16:45:59 INFO    Added: OK -> http://b-lx0147.sbb.spk-berlin.de:8888/fcrepo/rest/ajax-loc-gaz
2021-08-17T16:45:59 INFO    Added: OK -> http://b-lx0147.sbb.spk-berlin.de:8888/fcrepo/rest/ajax-loc-gaz
2021-08-17T21:46:35 INFO    Added: OK -> http://b-lx0147.sbb.spk-berlin.de:8888/fcrepo/rest/ajax-loc-gaz
2021-08-17T21:49:51 INFO    Added: OK -> http://b-lx0147.sbb.spk-berlin.de:8888/fcrepo/rest/ajax-loc-gaz
2021-08-17T21:49:51 INFO    Added: OK -> http://b-lx0147.sbb.spk-berlin.de:8888/fcrepo/rest/ajax-loc-gaz
2021-08-18T10:44:06 INFO    Added: OK -> http://b-lx0147.sbb.spk-berlin.de:8888/fcrepo/rest/ajax-loc-gaz
2021-08-18T10:53:17 INFO    Added: OK -> http://b-lx0147.sbb.spk-berlin.de:8888/fcrepo/rest/ajax-loc-gaz
2021-08-18T10:53:17 INFO    Added: OK -> http://b-lx0147.sbb.spk-berlin.de:8888/fcrepo/rest/ajax-loc-gaz
2021-09-15T21:06:37 INFO    Added: OK -> https://itr02.crossasia.org/fcrepo/rest/18930b30-245a-4d77-99ae-d11f6ec4ca39
2021-09-15T21:07:50 INFO    Added: OK -> https://itr02.crossasia.org/fcrepo/rest/421e23a9-6a3a-4747-9176-86bf5e512321
2021-09-15T21:14:52 INFO    Added: OK -> http://b-lx0005.sbb.spk-berlin.de:8082/fcrepo/rest/f8/60/1e/96/f8601e96-eb42-4d46-853c-0f1cef1a93dc
2021-09-15T21:39:26 INFO    Added: OK -> http://b-lx0005.sbb.spk-berlin.de:8082/fcrepo/rest/ajax-loc-gaz
2021-09-15T21:39:26 INFO    Added: OK -> http://b-lx0005.sbb.spk-berlin.de:8082/fcrepo/rest/ajax-loc-gaz
2021-09-15T21:43:30 INFO    Added: OK -> http://b-lx0005.sbb.spk-berlin.de:8082/fcrepo/rest/dlntm
2021-09-15T21:43:30 INFO    Added: OK -> http://b-lx0005.sbb.spk-berlin.de:8082/fcrepo/rest/dlntm
2021-09-15T21:43:30 INFO    Added: OK -> http://b-lx0005.sbb.spk-berlin.de:8082/fcrepo/rest/dlntm
2021-09-15T21:48:24 INFO    Added: OK -> http://b-lx0005.sbb.spk-berlin.de:8082/fcrepo/rest/dlntm
2021-09-15T21:49:46 INFO    Added: OK -> http://b-lx0005.sbb.spk-berlin.de:8082/fcrepo/rest/2d/5f/01/c0/2d5f01c0-419d-4f2a-84a5-1ed49b3cbc45
2021-09-15T22:15:15 INFO    Added: OK -> http://b-lx0005.sbb.spk-berlin.de:8082/fcrepo/rest/7e/0a/69/c2/7e0a69c2-e78d-4721-b681-4ccd690276d3
2021-09-15T22:32:40 INFO    Added: OK -> http://b-lx0147.sbb.spk-berlin.de:8088/rest/ajax-loc-gaz
2021-09-15T22:41:30 INFO    Added: OK -> http://b-lx0147.sbb.spk-berlin.de:8088/rest/dlntm
2021-09-15T22:41:30 INFO    Added: OK -> http://b-lx0147.sbb.spk-berlin.de:8088/rest/dlntm
2021-09-15T22:59:06 INFO    Added: OK -> http://b-lx0147.sbb.spk-berlin.de:8088/rest/dlntm
2021-09-15T22:59:06 INFO    Added: OK -> http://b-lx0147.sbb.spk-berlin.de:8088/rest/dlntm
2021-09-15T22:59:06 INFO    Added: OK -> http://b-lx0147.sbb.spk-berlin.de:8088/rest/dlntm
2021-09-15T23:16:08 INFO    Added: OK -> http://b-lx0147.sbb.spk-berlin.de:8088/rest/3b8f1955-9a06-46a0-a006-8f22b6470c70
2021-09-15T23:18:25 INFO    Added: OK -> http://b-lx0147.sbb.spk-berlin.de:8088/rest/e844678a-c61c-4267-87d5-d8d37cf97a46
2021-09-15T23:20:54 INFO    Added: OK -> http://b-lx0147.sbb.spk-berlin.de:8088/rest/38832c60-d5e5-446f-9b8a-43e027b9ce5b
2021-09-15T23:25:55 INFO    Added: OK -> http://b-lx0147.sbb.spk-berlin.de:8088/rest/bd5e6b64-0049-4e78-b528-cf7a0642c7f7
2021-09-15T23:29:19 INFO    Added: OK -> http://b-lx0147.sbb.spk-berlin.de:8088/rest/b8ea23ee-441a-4879-9d3f-24c32b600c4e
2021-09-15T23:30:24 INFO    Added: OK -> http://b-lx0147.sbb.spk-berlin.de:8088/rest/bc80cf74-9029-4e22-a16d-d53e3efba71a
2021-09-16T09:48:31 INFO    Added: OK -> http://b-lx0147.sbb.spk-berlin.de:8088/rest/ac1d10a9-201f-4d45-9beb-48b090d9e76d
2021-09-16T09:50:23 INFO    Added: OK -> http://b-lx0147.sbb.spk-berlin.de:8088/rest/752efa78-be1f-4bce-8993-338beed566c0
2021-09-16T09:51:31 INFO    Added: OK -> http://b-lx0147.sbb.spk-berlin.de:8088/rest/1ccc5fad-8a56-40a6-b884-9ca48a6bcdfd
2021-09-16T09:53:15 INFO    Added: OK -> http://b-lx0147.sbb.spk-berlin.de:8088/rest/d155d0c2-7f42-4672-aafa-558404af407f
2021-09-16T09:54:06 INFO    Added: OK -> http://b-lx0147.sbb.spk-berlin.de:8088/rest/9c109e21-91b1-4c90-a3cb-85f1546e196c
2021-09-16T16:34:04 INFO    Added: OK -> http://b-lx0147.sbb.spk-berlin.de:8088/rest/dlntm
2021-09-16T16:38:13 INFO    Added: OK -> http://b-lx0147.sbb.spk-berlin.de:8088/rest/d61da1e6-3bb5-4eb6-be1d-f5124c35f7eb
2021-09-16T16:38:13 INFO    Added: OK -> http://b-lx0147.sbb.spk-berlin.de:8088/rest/d61da1e6-3bb5-4eb6-be1d-f5124c35f7eb
2021-09-16T16:59:42 INFO    Added: OK -> https://itr02.crossasia.org/fcrepo/rest/dlntm
2021-09-16T16:59:42 INFO    Added: OK -> https://itr02.crossasia.org/fcrepo/rest/dlntm
2021-09-16T16:59:42 INFO    Added: OK -> https://itr02.crossasia.org/fcrepo/rest/dlntm
2021-09-16T18:03:54 INFO    Added: OK -> http://b-lx0147.sbb.spk-berlin.de:8088/rest/2d4bc16d-243e-4865-ba7d-6932c940ee09
2021-09-16T18:05:49 INFO    Added: OK -> http://b-lx0147.sbb.spk-berlin.de:8088/rest/75351098-450e-45e4-b989-729cff1ad92e
2021-09-16T18:13:17 INFO    Added: OK -> http://b-lx0147.sbb.spk-berlin.de:8088/rest/4efbc7db-b9d7-436d-824d-642e09804804
2021-09-16T18:22:06 INFO    Added: OK -> http://b-lx0147.sbb.spk-berlin.de:8088/rest/88176841-8dbe-49ea-9bf7-5620d6a90320
2021-09-16T18:57:06 INFO    Added: OK -> http://b-lx0147.sbb.spk-berlin.de:8088/rest/32b625b7-3924-4514-8d42-4bac52837639
2021-09-16T19:03:23 INFO    Added: OK -> http://b-lx0147.sbb.spk-berlin.de:8088/rest/29d9a29a-aca3-4a18-813e-49e11d4d24cd
2021-09-16T19:03:23 INFO    Added: OK -> http://b-lx0147.sbb.spk-berlin.de:8088/rest/29d9a29a-aca3-4a18-813e-49e11d4d24cd
2021-09-16T19:08:20 INFO    Added: OK -> http://b-lx0147.sbb.spk-berlin.de:8088/rest/fad7db4c-3092-4b91-9458-d4e50bb88a56
2021-09-16T19:10:44 INFO    Added: OK -> http://b-lx0147.sbb.spk-berlin.de:8088/rest/83dc1308-3aab-4aa1-bb4b-e30b40a18195
2021-09-16T19:14:20 INFO    Added: OK -> http://b-lx0147.sbb.spk-berlin.de:8088/rest/ba155501-bd22-4dbf-9206-de9c39c742da
2021-09-16T19:16:20 INFO    Added: OK -> http://b-lx0147.sbb.spk-berlin.de:8088/rest/fa4c3c67-30f6-40cc-9034-036f83d8cb1e
2021-09-16T19:17:57 INFO    Added: OK -> http://b-lx0147.sbb.spk-berlin.de:8088/rest/e3eee198-2364-433c-9a54-a24e12cffe23
2021-09-16T19:33:36 INFO    Added: OK -> http://b-lx0147.sbb.spk-berlin.de:8088/rest/dlntm
2021-09-16T19:37:27 INFO    Added: OK -> http://b-lx0147.sbb.spk-berlin.de:8088/rest/2733e16a-0638-4b7b-8155-b6734a619645
2021-09-16T19:37:27 INFO    Added: OK -> http://b-lx0147.sbb.spk-berlin.de:8088/rest/2733e16a-0638-4b7b-8155-b6734a619645
2021-09-16T19:39:40 INFO    Added: OK -> http://b-lx0147.sbb.spk-berlin.de:8088/rest/010924c7-d052-4874-b11f-9ee487509a9c
